<?xml version="1.0" encoding="UTF-8"?>
<testng-results ignored="0" total="2" passed="2" failed="0" skipped="0">
  <reporter-output>
  </reporter-output>
  <suite started-at="2021-05-28T18:55:39 EDT" name="Default suite" finished-at="2021-05-28T18:55:44 EDT" duration-ms="4474">
    <groups>
      <group name="cucumber">
        <method signature="AbstractTestNGCucumberTests.runScenario(io.cucumber.testng.PickleWrapper, io.cucumber.testng.FeatureWrapper)[pri:0, instance:com.testRunner.TestRunner@783a467b]" name="runScenario" class="io.cucumber.testng.AbstractTestNGCucumberTests"/>
      </group> <!-- cucumber -->
    </groups>
    <test started-at="2021-05-28T18:55:39 EDT" name="Default test" finished-at="2021-05-28T18:55:44 EDT" duration-ms="4474">
      <class name="com.testRunner.TestRunner">
        <test-method is-config="true" signature="setUpClass()[pri:0, instance:com.testRunner.TestRunner@783a467b]" started-at="2021-05-28T18:55:39 EDT" name="setUpClass" finished-at="2021-05-28T18:55:40 EDT" duration-ms="521" status="PASS">
          <reporter-output>
          </reporter-output>
        </test-method> <!-- setUpClass -->
        <test-method signature="runScenario(io.cucumber.testng.PickleWrapper, io.cucumber.testng.FeatureWrapper)[pri:0, instance:com.testRunner.TestRunner@783a467b]" started-at="2021-05-28T18:55:40 EDT" name="runScenario" description="Runs Cucumber Scenarios" data-provider="scenarios" finished-at="2021-05-28T18:55:43 EDT" duration-ms="3133" status="PASS">
          <params>
            <param index="0">
              <value>
                <![CDATA["verify the get method retrieves all the employee details"]]>
              </value>
            </param>
            <param index="1">
              <value>
                <![CDATA["Optional[verify and validate the get  employee details and delete employee details apis]"]]>
              </value>
            </param>
          </params>
          <reporter-output>
          </reporter-output>
        </test-method> <!-- runScenario -->
        <test-method signature="runScenario(io.cucumber.testng.PickleWrapper, io.cucumber.testng.FeatureWrapper)[pri:0, instance:com.testRunner.TestRunner@783a467b]" started-at="2021-05-28T18:55:43 EDT" name="runScenario" description="Runs Cucumber Scenarios" data-provider="scenarios" finished-at="2021-05-28T18:55:44 EDT" duration-ms="733" status="PASS">
          <params>
            <param index="0">
              <value>
                <![CDATA["verify the get method retrieves the employee details"]]>
              </value>
            </param>
            <param index="1">
              <value>
                <![CDATA["Optional[verify and validate the get  employee details and delete employee details apis]"]]>
              </value>
            </param>
          </params>
          <reporter-output>
          </reporter-output>
        </test-method> <!-- runScenario -->
        <test-method is-config="true" signature="tearDownClass()[pri:0, instance:com.testRunner.TestRunner@783a467b]" started-at="2021-05-28T18:55:44 EDT" name="tearDownClass" finished-at="2021-05-28T18:55:44 EDT" duration-ms="50" status="PASS">
          <reporter-output>
          </reporter-output>
        </test-method> <!-- tearDownClass -->
      </class> <!-- com.testRunner.TestRunner -->
    </test> <!-- Default test -->
  </suite> <!-- Default suite -->
</testng-results>
